<?xml version="1.0" encoding="UTF-8"?>
<!-- Generated by org.testng.reporters.JUnitXMLReporter -->
<testsuite ignored="2" hostname="PF35K6A9" failures="0" tests="1" name="Login Success" time="0.553" errors="0" timestamp="2023-03-10T12:22:59 CET">
  <testcase classname="TrainingTests" name="loginCorrect" time="0.394"/>
  <testcase classname="TrainingTests" name="loginIncorrectPassword" time="0.0">
    <ignored/>
  </testcase> <!-- loginIncorrectPassword -->
  <testcase classname="TrainingTests" name="loginIncorrectUsername" time="0.0">
    <ignored/>
  </testcase> <!-- loginIncorrectUsername -->
</testsuite> <!-- Login Success -->
