<?xml version="1.0" encoding="UTF-8"?>
<!-- Generated by org.testng.reporters.JUnitXMLReporter -->
<testsuite ignored="1" hostname="PF35K6A9" failures="0" tests="2" name="Login Fail" time="0.393" errors="0" timestamp="2023-03-09T21:01:32 CET">
  <testcase classname="TrainingTests" name="loginIncorrectPassword" time="0.171"/>
  <testcase classname="TrainingTests" name="loginIncorrectUsername" time="0.165"/>
  <testcase classname="TrainingTests" name="loginCorrect" time="0.0">
    <ignored/>
  </testcase> <!-- loginCorrect -->
</testsuite> <!-- Login Fail -->
